<?xml version="1.0" encoding="UTF-8"?>
<testsuite xmlns:xsi="http://www.w3.org/2001/XMLSchema-instance" xsi:noNamespaceSchemaLocation="https://maven.apache.org/surefire/maven-surefire-plugin/xsd/surefire-test-report.xsd" name="com.iuv.Test.comment.TestCommentDao" time="0.537" tests="1" errors="1" skipped="0" failures="0">
  <properties>
    <property name="sun.desktop" value="windows"/>
    <property name="awt.toolkit" value="sun.awt.windows.WToolkit"/>
    <property name="file.encoding.pkg" value="sun.io"/>
    <property name="java.specification.version" value="1.8"/>
    <property name="sun.cpu.isalist" value="amd64"/>
    <property name="sun.jnu.encoding" value="GBK"/>
    <property name="java.class.path" value="D:\AAAA-IUV\target\test-classes;D:\AAAA-IUV\target\classes;D:\keke_repository\org\springframework\boot\spring-boot-starter-actuator\2.1.11.RELEASE\spring-boot-starter-actuator-2.1.11.RELEASE.jar;D:\keke_repository\org\springframework\boot\spring-boot-starter\2.1.11.RELEASE\spring-boot-starter-2.1.11.RELEASE.jar;D:\keke_repository\org\springframework\boot\spring-boot-starter-logging\2.1.11.RELEASE\spring-boot-starter-logging-2.1.11.RELEASE.jar;D:\keke_repository\ch\qos\logback\logback-classic\1.2.3\logback-classic-1.2.3.jar;D:\keke_repository\ch\qos\logback\logback-core\1.2.3\logback-core-1.2.3.jar;D:\keke_repository\org\apache\logging\log4j\log4j-to-slf4j\2.11.2\log4j-to-slf4j-2.11.2.jar;D:\keke_repository\org\apache\logging\log4j\log4j-api\2.11.2\log4j-api-2.11.2.jar;D:\keke_repository\org\slf4j\jul-to-slf4j\1.7.29\jul-to-slf4j-1.7.29.jar;D:\keke_repository\javax\annotation\javax.annotation-api\1.3.2\javax.annotation-api-1.3.2.jar;D:\keke_repository\org\yaml\snakeyaml\1.23\snakeyaml-1.23.jar;D:\keke_repository\org\springframework\boot\spring-boot-actuator-autoconfigure\2.1.11.RELEASE\spring-boot-actuator-autoconfigure-2.1.11.RELEASE.jar;D:\keke_repository\org\springframework\boot\spring-boot-actuator\2.1.11.RELEASE\spring-boot-actuator-2.1.11.RELEASE.jar;D:\keke_repository\com\fasterxml\jackson\core\jackson-databind\2.9.10.1\jackson-databind-2.9.10.1.jar;D:\keke_repository\com\fasterxml\jackson\core\jackson-annotations\2.9.10\jackson-annotations-2.9.10.jar;D:\keke_repository\com\fasterxml\jackson\core\jackson-core\2.9.10\jackson-core-2.9.10.jar;D:\keke_repository\org\springframework\spring-context\5.1.12.RELEASE\spring-context-5.1.12.RELEASE.jar;D:\keke_repository\com\fasterxml\jackson\datatype\jackson-datatype-jsr310\2.9.10\jackson-datatype-jsr310-2.9.10.jar;D:\keke_repository\io\micrometer\micrometer-core\1.1.9\micrometer-core-1.1.9.jar;D:\keke_repository\org\hdrhistogram\HdrHistogram\2.1.9\HdrHistogram-2.1.9.jar;D:\keke_repository\org\latencyutils\LatencyUtils\2.0.3\LatencyUtils-2.0.3.jar;D:\keke_repository\org\springframework\boot\spring-boot-starter-jdbc\2.1.11.RELEASE\spring-boot-starter-jdbc-2.1.11.RELEASE.jar;D:\keke_repository\com\zaxxer\HikariCP\3.2.0\HikariCP-3.2.0.jar;D:\keke_repository\org\slf4j\slf4j-api\1.7.29\slf4j-api-1.7.29.jar;D:\keke_repository\org\springframework\spring-jdbc\5.1.12.RELEASE\spring-jdbc-5.1.12.RELEASE.jar;D:\keke_repository\org\springframework\spring-beans\5.1.12.RELEASE\spring-beans-5.1.12.RELEASE.jar;D:\keke_repository\org\springframework\spring-tx\5.1.12.RELEASE\spring-tx-5.1.12.RELEASE.jar;D:\keke_repository\org\springframework\boot\spring-boot-starter-thymeleaf\2.1.11.RELEASE\spring-boot-starter-thymeleaf-2.1.11.RELEASE.jar;D:\keke_repository\org\thymeleaf\thymeleaf-spring5\3.0.11.RELEASE\thymeleaf-spring5-3.0.11.RELEASE.jar;D:\keke_repository\org\thymeleaf\thymeleaf\3.0.11.RELEASE\thymeleaf-3.0.11.RELEASE.jar;D:\keke_repository\org\attoparser\attoparser\2.0.5.RELEASE\attoparser-2.0.5.RELEASE.jar;D:\keke_repository\org\unbescape\unbescape\1.1.6.RELEASE\unbescape-1.1.6.RELEASE.jar;D:\keke_repository\org\thymeleaf\extras\thymeleaf-extras-java8time\3.0.4.RELEASE\thymeleaf-extras-java8time-3.0.4.RELEASE.jar;D:\keke_repository\org\springframework\boot\spring-boot-starter-web\2.1.11.RELEASE\spring-boot-starter-web-2.1.11.RELEASE.jar;D:\keke_repository\org\springframework\boot\spring-boot-starter-json\2.1.11.RELEASE\spring-boot-starter-json-2.1.11.RELEASE.jar;D:\keke_repository\com\fasterxml\jackson\datatype\jackson-datatype-jdk8\2.9.10\jackson-datatype-jdk8-2.9.10.jar;D:\keke_repository\com\fasterxml\jackson\module\jackson-module-parameter-names\2.9.10\jackson-module-parameter-names-2.9.10.jar;D:\keke_repository\org\springframework\boot\spring-boot-starter-tomcat\2.1.11.RELEASE\spring-boot-starter-tomcat-2.1.11.RELEASE.jar;D:\keke_repository\org\apache\tomcat\embed\tomcat-embed-core\9.0.29\tomcat-embed-core-9.0.29.jar;D:\keke_repository\org\apache\tomcat\embed\tomcat-embed-el\9.0.29\tomcat-embed-el-9.0.29.jar;D:\keke_repository\org\apache\tomcat\embed\tomcat-embed-websocket\9.0.29\tomcat-embed-websocket-9.0.29.jar;D:\keke_repository\org\hibernate\validator\hibernate-validator\6.0.18.Final\hibernate-validator-6.0.18.Final.jar;D:\keke_repository\javax\validation\validation-api\2.0.1.Final\validation-api-2.0.1.Final.jar;D:\keke_repository\org\jboss\logging\jboss-logging\3.3.3.Final\jboss-logging-3.3.3.Final.jar;D:\keke_repository\com\fasterxml\classmate\1.4.0\classmate-1.4.0.jar;D:\keke_repository\org\springframework\spring-web\5.1.12.RELEASE\spring-web-5.1.12.RELEASE.jar;D:\keke_repository\org\springframework\spring-webmvc\5.1.12.RELEASE\spring-webmvc-5.1.12.RELEASE.jar;D:\keke_repository\org\springframework\spring-aop\5.1.12.RELEASE\spring-aop-5.1.12.RELEASE.jar;D:\keke_repository\org\springframework\spring-expression\5.1.12.RELEASE\spring-expression-5.1.12.RELEASE.jar;D:\keke_repository\org\mybatis\spring\boot\mybatis-spring-boot-starter\2.1.0\mybatis-spring-boot-starter-2.1.0.jar;D:\keke_repository\org\mybatis\spring\boot\mybatis-spring-boot-autoconfigure\2.1.0\mybatis-spring-boot-autoconfigure-2.1.0.jar;D:\keke_repository\org\mybatis\mybatis\3.5.2\mybatis-3.5.2.jar;D:\keke_repository\org\mybatis\mybatis-spring\2.0.2\mybatis-spring-2.0.2.jar;D:\keke_repository\org\springframework\boot\spring-boot-devtools\2.1.11.RELEASE\spring-boot-devtools-2.1.11.RELEASE.jar;D:\keke_repository\org\springframework\boot\spring-boot\2.1.11.RELEASE\spring-boot-2.1.11.RELEASE.jar;D:\keke_repository\org\springframework\boot\spring-boot-autoconfigure\2.1.11.RELEASE\spring-boot-autoconfigure-2.1.11.RELEASE.jar;D:\keke_repository\mysql\mysql-connector-java\8.0.18\mysql-connector-java-8.0.18.jar;D:\keke_repository\org\springframework\boot\spring-boot-starter-test\2.1.11.RELEASE\spring-boot-starter-test-2.1.11.RELEASE.jar;D:\keke_repository\org\springframework\boot\spring-boot-test\2.1.11.RELEASE\spring-boot-test-2.1.11.RELEASE.jar;D:\keke_repository\org\springframework\boot\spring-boot-test-autoconfigure\2.1.11.RELEASE\spring-boot-test-autoconfigure-2.1.11.RELEASE.jar;D:\keke_repository\com\jayway\jsonpath\json-path\2.4.0\json-path-2.4.0.jar;D:\keke_repository\net\minidev\json-smart\2.3\json-smart-2.3.jar;D:\keke_repository\net\minidev\accessors-smart\1.2\accessors-smart-1.2.jar;D:\keke_repository\org\ow2\asm\asm\5.0.4\asm-5.0.4.jar;D:\keke_repository\junit\junit\4.12\junit-4.12.jar;D:\keke_repository\org\assertj\assertj-core\3.11.1\assertj-core-3.11.1.jar;D:\keke_repository\org\mockito\mockito-core\2.23.4\mockito-core-2.23.4.jar;D:\keke_repository\net\bytebuddy\byte-buddy\1.9.16\byte-buddy-1.9.16.jar;D:\keke_repository\net\bytebuddy\byte-buddy-agent\1.9.16\byte-buddy-agent-1.9.16.jar;D:\keke_repository\org\objenesis\objenesis\2.6\objenesis-2.6.jar;D:\keke_repository\org\hamcrest\hamcrest-core\1.3\hamcrest-core-1.3.jar;D:\keke_repository\org\hamcrest\hamcrest-library\1.3\hamcrest-library-1.3.jar;D:\keke_repository\org\skyscreamer\jsonassert\1.5.0\jsonassert-1.5.0.jar;D:\keke_repository\com\vaadin\external\google\android-json\0.0.20131108.vaadin1\android-json-0.0.20131108.vaadin1.jar;D:\keke_repository\org\springframework\spring-core\5.1.12.RELEASE\spring-core-5.1.12.RELEASE.jar;D:\keke_repository\org\springframework\spring-jcl\5.1.12.RELEASE\spring-jcl-5.1.12.RELEASE.jar;D:\keke_repository\org\springframework\spring-test\5.1.12.RELEASE\spring-test-5.1.12.RELEASE.jar;D:\keke_repository\org\xmlunit\xmlunit-core\2.6.3\xmlunit-core-2.6.3.jar;D:\keke_repository\com\aliyun\aliyun-java-sdk-core\4.0.3\aliyun-java-sdk-core-4.0.3.jar;D:\keke_repository\com\google\code\gson\gson\2.8.6\gson-2.8.6.jar;D:\keke_repository\org\apache\httpcomponents\httpclient\4.5.10\httpclient-4.5.10.jar;D:\keke_repository\org\apache\httpcomponents\httpcore\4.4.12\httpcore-4.4.12.jar;D:\keke_repository\commons-codec\commons-codec\1.11\commons-codec-1.11.jar;D:\keke_repository\javax\xml\bind\jaxb-api\2.3.1\jaxb-api-2.3.1.jar;D:\keke_repository\javax\activation\javax.activation-api\1.2.0\javax.activation-api-1.2.0.jar;D:\keke_repository\com\sun\xml\bind\jaxb-core\2.1.14\jaxb-core-2.1.14.jar;D:\keke_repository\com\sun\xml\bind\jaxb-impl\2.1\jaxb-impl-2.1.jar;D:\keke_repository\javax\activation\activation\1.1.1\activation-1.1.1.jar;D:\keke_repository\com\alipay\sdk\alipay-sdk-java\4.8.10.ALL\alipay-sdk-java-4.8.10.ALL.jar;D:\keke_repository\commons-logging\commons-logging\1.1.1\commons-logging-1.1.1.jar;D:\keke_repository\com\alibaba\fastjson\1.2.50\fastjson-1.2.50.jar;D:\keke_repository\org\bouncycastle\bcprov-jdk15on\1.62\bcprov-jdk15on-1.62.jar;D:\keke_repository\org\projectlombok\lombok\1.18.10\lombok-1.18.10.jar;"/>
    <property name="java.vm.vendor" value="Oracle Corporation"/>
    <property name="sun.arch.data.model" value="64"/>
    <property name="user.variant" value=""/>
    <property name="java.vendor.url" value="http://java.oracle.com/"/>
    <property name="user.timezone" value="Asia/Shanghai"/>
    <property name="java.vm.specification.version" value="1.8"/>
    <property name="os.name" value="Windows 8.1"/>
    <property name="user.country" value="CN"/>
    <property name="sun.java.launcher" value="SUN_STANDARD"/>
    <property name="sun.boot.library.path" value="C:\Program Files\Java\jdk1.8.0_45\jre\bin"/>
    <property name="sun.java.command" value="C:\Users\ADMINI~1\AppData\Local\Temp\surefire7990808335363735234\surefirebooter4980822861787221995.jar C:\Users\Administrator\AppData\Local\Temp\surefire7990808335363735234 2019-12-19T16-29-30_583-jvmRun1 surefire4146703384180209928tmp surefire_0640160325731218929tmp"/>
    <property name="surefire.test.class.path" value="D:\AAAA-IUV\target\test-classes;D:\AAAA-IUV\target\classes;D:\keke_repository\org\springframework\boot\spring-boot-starter-actuator\2.1.11.RELEASE\spring-boot-starter-actuator-2.1.11.RELEASE.jar;D:\keke_repository\org\springframework\boot\spring-boot-starter\2.1.11.RELEASE\spring-boot-starter-2.1.11.RELEASE.jar;D:\keke_repository\org\springframework\boot\spring-boot-starter-logging\2.1.11.RELEASE\spring-boot-starter-logging-2.1.11.RELEASE.jar;D:\keke_repository\ch\qos\logback\logback-classic\1.2.3\logback-classic-1.2.3.jar;D:\keke_repository\ch\qos\logback\logback-core\1.2.3\logback-core-1.2.3.jar;D:\keke_repository\org\apache\logging\log4j\log4j-to-slf4j\2.11.2\log4j-to-slf4j-2.11.2.jar;D:\keke_repository\org\apache\logging\log4j\log4j-api\2.11.2\log4j-api-2.11.2.jar;D:\keke_repository\org\slf4j\jul-to-slf4j\1.7.29\jul-to-slf4j-1.7.29.jar;D:\keke_repository\javax\annotation\javax.annotation-api\1.3.2\javax.annotation-api-1.3.2.jar;D:\keke_repository\org\yaml\snakeyaml\1.23\snakeyaml-1.23.jar;D:\keke_repository\org\springframework\boot\spring-boot-actuator-autoconfigure\2.1.11.RELEASE\spring-boot-actuator-autoconfigure-2.1.11.RELEASE.jar;D:\keke_repository\org\springframework\boot\spring-boot-actuator\2.1.11.RELEASE\spring-boot-actuator-2.1.11.RELEASE.jar;D:\keke_repository\com\fasterxml\jackson\core\jackson-databind\2.9.10.1\jackson-databind-2.9.10.1.jar;D:\keke_repository\com\fasterxml\jackson\core\jackson-annotations\2.9.10\jackson-annotations-2.9.10.jar;D:\keke_repository\com\fasterxml\jackson\core\jackson-core\2.9.10\jackson-core-2.9.10.jar;D:\keke_repository\org\springframework\spring-context\5.1.12.RELEASE\spring-context-5.1.12.RELEASE.jar;D:\keke_repository\com\fasterxml\jackson\datatype\jackson-datatype-jsr310\2.9.10\jackson-datatype-jsr310-2.9.10.jar;D:\keke_repository\io\micrometer\micrometer-core\1.1.9\micrometer-core-1.1.9.jar;D:\keke_repository\org\hdrhistogram\HdrHistogram\2.1.9\HdrHistogram-2.1.9.jar;D:\keke_repository\org\latencyutils\LatencyUtils\2.0.3\LatencyUtils-2.0.3.jar;D:\keke_repository\org\springframework\boot\spring-boot-starter-jdbc\2.1.11.RELEASE\spring-boot-starter-jdbc-2.1.11.RELEASE.jar;D:\keke_repository\com\zaxxer\HikariCP\3.2.0\HikariCP-3.2.0.jar;D:\keke_repository\org\slf4j\slf4j-api\1.7.29\slf4j-api-1.7.29.jar;D:\keke_repository\org\springframework\spring-jdbc\5.1.12.RELEASE\spring-jdbc-5.1.12.RELEASE.jar;D:\keke_repository\org\springframework\spring-beans\5.1.12.RELEASE\spring-beans-5.1.12.RELEASE.jar;D:\keke_repository\org\springframework\spring-tx\5.1.12.RELEASE\spring-tx-5.1.12.RELEASE.jar;D:\keke_repository\org\springframework\boot\spring-boot-starter-thymeleaf\2.1.11.RELEASE\spring-boot-starter-thymeleaf-2.1.11.RELEASE.jar;D:\keke_repository\org\thymeleaf\thymeleaf-spring5\3.0.11.RELEASE\thymeleaf-spring5-3.0.11.RELEASE.jar;D:\keke_repository\org\thymeleaf\thymeleaf\3.0.11.RELEASE\thymeleaf-3.0.11.RELEASE.jar;D:\keke_repository\org\attoparser\attoparser\2.0.5.RELEASE\attoparser-2.0.5.RELEASE.jar;D:\keke_repository\org\unbescape\unbescape\1.1.6.RELEASE\unbescape-1.1.6.RELEASE.jar;D:\keke_repository\org\thymeleaf\extras\thymeleaf-extras-java8time\3.0.4.RELEASE\thymeleaf-extras-java8time-3.0.4.RELEASE.jar;D:\keke_repository\org\springframework\boot\spring-boot-starter-web\2.1.11.RELEASE\spring-boot-starter-web-2.1.11.RELEASE.jar;D:\keke_repository\org\springframework\boot\spring-boot-starter-json\2.1.11.RELEASE\spring-boot-starter-json-2.1.11.RELEASE.jar;D:\keke_repository\com\fasterxml\jackson\datatype\jackson-datatype-jdk8\2.9.10\jackson-datatype-jdk8-2.9.10.jar;D:\keke_repository\com\fasterxml\jackson\module\jackson-module-parameter-names\2.9.10\jackson-module-parameter-names-2.9.10.jar;D:\keke_repository\org\springframework\boot\spring-boot-starter-tomcat\2.1.11.RELEASE\spring-boot-starter-tomcat-2.1.11.RELEASE.jar;D:\keke_repository\org\apache\tomcat\embed\tomcat-embed-core\9.0.29\tomcat-embed-core-9.0.29.jar;D:\keke_repository\org\apache\tomcat\embed\tomcat-embed-el\9.0.29\tomcat-embed-el-9.0.29.jar;D:\keke_repository\org\apache\tomcat\embed\tomcat-embed-websocket\9.0.29\tomcat-embed-websocket-9.0.29.jar;D:\keke_repository\org\hibernate\validator\hibernate-validator\6.0.18.Final\hibernate-validator-6.0.18.Final.jar;D:\keke_repository\javax\validation\validation-api\2.0.1.Final\validation-api-2.0.1.Final.jar;D:\keke_repository\org\jboss\logging\jboss-logging\3.3.3.Final\jboss-logging-3.3.3.Final.jar;D:\keke_repository\com\fasterxml\classmate\1.4.0\classmate-1.4.0.jar;D:\keke_repository\org\springframework\spring-web\5.1.12.RELEASE\spring-web-5.1.12.RELEASE.jar;D:\keke_repository\org\springframework\spring-webmvc\5.1.12.RELEASE\spring-webmvc-5.1.12.RELEASE.jar;D:\keke_repository\org\springframework\spring-aop\5.1.12.RELEASE\spring-aop-5.1.12.RELEASE.jar;D:\keke_repository\org\springframework\spring-expression\5.1.12.RELEASE\spring-expression-5.1.12.RELEASE.jar;D:\keke_repository\org\mybatis\spring\boot\mybatis-spring-boot-starter\2.1.0\mybatis-spring-boot-starter-2.1.0.jar;D:\keke_repository\org\mybatis\spring\boot\mybatis-spring-boot-autoconfigure\2.1.0\mybatis-spring-boot-autoconfigure-2.1.0.jar;D:\keke_repository\org\mybatis\mybatis\3.5.2\mybatis-3.5.2.jar;D:\keke_repository\org\mybatis\mybatis-spring\2.0.2\mybatis-spring-2.0.2.jar;D:\keke_repository\org\springframework\boot\spring-boot-devtools\2.1.11.RELEASE\spring-boot-devtools-2.1.11.RELEASE.jar;D:\keke_repository\org\springframework\boot\spring-boot\2.1.11.RELEASE\spring-boot-2.1.11.RELEASE.jar;D:\keke_repository\org\springframework\boot\spring-boot-autoconfigure\2.1.11.RELEASE\spring-boot-autoconfigure-2.1.11.RELEASE.jar;D:\keke_repository\mysql\mysql-connector-java\8.0.18\mysql-connector-java-8.0.18.jar;D:\keke_repository\org\springframework\boot\spring-boot-starter-test\2.1.11.RELEASE\spring-boot-starter-test-2.1.11.RELEASE.jar;D:\keke_repository\org\springframework\boot\spring-boot-test\2.1.11.RELEASE\spring-boot-test-2.1.11.RELEASE.jar;D:\keke_repository\org\springframework\boot\spring-boot-test-autoconfigure\2.1.11.RELEASE\spring-boot-test-autoconfigure-2.1.11.RELEASE.jar;D:\keke_repository\com\jayway\jsonpath\json-path\2.4.0\json-path-2.4.0.jar;D:\keke_repository\net\minidev\json-smart\2.3\json-smart-2.3.jar;D:\keke_repository\net\minidev\accessors-smart\1.2\accessors-smart-1.2.jar;D:\keke_repository\org\ow2\asm\asm\5.0.4\asm-5.0.4.jar;D:\keke_repository\junit\junit\4.12\junit-4.12.jar;D:\keke_repository\org\assertj\assertj-core\3.11.1\assertj-core-3.11.1.jar;D:\keke_repository\org\mockito\mockito-core\2.23.4\mockito-core-2.23.4.jar;D:\keke_repository\net\bytebuddy\byte-buddy\1.9.16\byte-buddy-1.9.16.jar;D:\keke_repository\net\bytebuddy\byte-buddy-agent\1.9.16\byte-buddy-agent-1.9.16.jar;D:\keke_repository\org\objenesis\objenesis\2.6\objenesis-2.6.jar;D:\keke_repository\org\hamcrest\hamcrest-core\1.3\hamcrest-core-1.3.jar;D:\keke_repository\org\hamcrest\hamcrest-library\1.3\hamcrest-library-1.3.jar;D:\keke_repository\org\skyscreamer\jsonassert\1.5.0\jsonassert-1.5.0.jar;D:\keke_repository\com\vaadin\external\google\android-json\0.0.20131108.vaadin1\android-json-0.0.20131108.vaadin1.jar;D:\keke_repository\org\springframework\spring-core\5.1.12.RELEASE\spring-core-5.1.12.RELEASE.jar;D:\keke_repository\org\springframework\spring-jcl\5.1.12.RELEASE\spring-jcl-5.1.12.RELEASE.jar;D:\keke_repository\org\springframework\spring-test\5.1.12.RELEASE\spring-test-5.1.12.RELEASE.jar;D:\keke_repository\org\xmlunit\xmlunit-core\2.6.3\xmlunit-core-2.6.3.jar;D:\keke_repository\com\aliyun\aliyun-java-sdk-core\4.0.3\aliyun-java-sdk-core-4.0.3.jar;D:\keke_repository\com\google\code\gson\gson\2.8.6\gson-2.8.6.jar;D:\keke_repository\org\apache\httpcomponents\httpclient\4.5.10\httpclient-4.5.10.jar;D:\keke_repository\org\apache\httpcomponents\httpcore\4.4.12\httpcore-4.4.12.jar;D:\keke_repository\commons-codec\commons-codec\1.11\commons-codec-1.11.jar;D:\keke_repository\javax\xml\bind\jaxb-api\2.3.1\jaxb-api-2.3.1.jar;D:\keke_repository\javax\activation\javax.activation-api\1.2.0\javax.activation-api-1.2.0.jar;D:\keke_repository\com\sun\xml\bind\jaxb-core\2.1.14\jaxb-core-2.1.14.jar;D:\keke_repository\com\sun\xml\bind\jaxb-impl\2.1\jaxb-impl-2.1.jar;D:\keke_repository\javax\activation\activation\1.1.1\activation-1.1.1.jar;D:\keke_repository\com\alipay\sdk\alipay-sdk-java\4.8.10.ALL\alipay-sdk-java-4.8.10.ALL.jar;D:\keke_repository\commons-logging\commons-logging\1.1.1\commons-logging-1.1.1.jar;D:\keke_repository\com\alibaba\fastjson\1.2.50\fastjson-1.2.50.jar;D:\keke_repository\org\bouncycastle\bcprov-jdk15on\1.62\bcprov-jdk15on-1.62.jar;D:\keke_repository\org\projectlombok\lombok\1.18.10\lombok-1.18.10.jar;"/>
    <property name="sun.cpu.endian" value="little"/>
    <property name="user.home" value="C:\Users\Administrator"/>
    <property name="user.language" value="zh"/>
    <property name="java.specification.vendor" value="Oracle Corporation"/>
    <property name="java.home" value="C:\Program Files\Java\jdk1.8.0_45\jre"/>
    <property name="basedir" value="D:\AAAA-IUV"/>
    <property name="file.separator" value="\"/>
    <property name="line.separator" value="&#10;"/>
    <property name="java.vm.specification.vendor" value="Oracle Corporation"/>
    <property name="java.specification.name" value="Java Platform API Specification"/>
    <property name="java.awt.graphicsenv" value="sun.awt.Win32GraphicsEnvironment"/>
    <property name="surefire.real.class.path" value="C:\Users\ADMINI~1\AppData\Local\Temp\surefire7990808335363735234\surefirebooter4980822861787221995.jar"/>
    <property name="sun.boot.class.path" value="C:\Program Files\Java\jdk1.8.0_45\jre\lib\resources.jar;C:\Program Files\Java\jdk1.8.0_45\jre\lib\rt.jar;C:\Program Files\Java\jdk1.8.0_45\jre\lib\sunrsasign.jar;C:\Program Files\Java\jdk1.8.0_45\jre\lib\jsse.jar;C:\Program Files\Java\jdk1.8.0_45\jre\lib\jce.jar;C:\Program Files\Java\jdk1.8.0_45\jre\lib\charsets.jar;C:\Program Files\Java\jdk1.8.0_45\jre\lib\jfr.jar;C:\Program Files\Java\jdk1.8.0_45\jre\classes"/>
    <property name="user.script" value=""/>
    <property name="sun.management.compiler" value="HotSpot 64-Bit Tiered Compilers"/>
    <property name="java.runtime.version" value="1.8.0_45-b14"/>
    <property name="user.name" value="Administrator"/>
    <property name="path.separator" value=";"/>
    <property name="os.version" value="6.3"/>
    <property name="java.endorsed.dirs" value="C:\Program Files\Java\jdk1.8.0_45\jre\lib\endorsed"/>
    <property name="java.runtime.name" value="Java(TM) SE Runtime Environment"/>
    <property name="file.encoding" value="GBK"/>
    <property name="java.vm.name" value="Java HotSpot(TM) 64-Bit Server VM"/>
    <property name="localRepository" value="D:\keke_repository"/>
    <property name="java.vendor.url.bug" value="http://bugreport.sun.com/bugreport/"/>
    <property name="java.io.tmpdir" value="C:\Users\ADMINI~1\AppData\Local\Temp\"/>
    <property name="java.version" value="1.8.0_45"/>
    <property name="user.dir" value="D:\AAAA-IUV"/>
    <property name="os.arch" value="amd64"/>
    <property name="java.vm.specification.name" value="Java Virtual Machine Specification"/>
    <property name="java.awt.printerjob" value="sun.awt.windows.WPrinterJob"/>
    <property name="sun.os.patch.level" value=""/>
    <property name="java.library.path" value="C:\Program Files\Java\jdk1.8.0_45\jre\bin;C:\WINDOWS\Sun\Java\bin;C:\WINDOWS\system32;C:\WINDOWS;D:\software\Xshell-6.0\;C:\Program Files\Java\jdk1.8.0_45\bin;C:\WINDOWS\system32;C:\WINDOWS;C:\WINDOWS\System32\Wbem;C:\WINDOWS\System32\WindowsPowerShell\v1.0\;C:\WINDOWS\System32\OpenSSH\;C:\Program Files (x86)\Gatan\DigitalMicrograph\Plugins;D:\编程软件\mysql5.7\bin;D:\;oftware\apache-maven-3.5.3\bin;D:\software\VisualSVN_Server\bin;D:\software\TortoiseSVN\bin;D:\software\Git\cmd;D:\software\Rational Rose 2007\common;C:\Users\Administrator\AppData\Local\GitHubDesktop\bin;D:\software\IntelliJ IDEA 2019.2.3\IntelliJ IDEA 2019.2.3\bin;;."/>
    <property name="java.vm.info" value="mixed mode"/>
    <property name="java.vendor" value="Oracle Corporation"/>
    <property name="java.vm.version" value="25.45-b02"/>
    <property name="idea.version2019.3" value="true"/>
    <property name="java.ext.dirs" value="C:\Program Files\Java\jdk1.8.0_45\jre\lib\ext;C:\WINDOWS\Sun\Java\lib\ext"/>
    <property name="sun.io.unicode.encoding" value="UnicodeLittle"/>
    <property name="java.class.version" value="52.0"/>
  </properties>
  <testcase name="insertComment" classname="com.iuv.Test.comment.TestCommentDao" time="0.523">
    <error message="&#10;### Error updating database.  Cause: java.sql.SQLSyntaxErrorException: Unknown column &apos;time&apos; in &apos;field list&apos;&#10;### The error may exist in file [D:\AAAA-IUV\target\classes\mapper\CommentMapper.xml]&#10;### The error may involve defaultParameterMap&#10;### The error occurred while setting parameters&#10;### SQL: INSERT INTO comment     (id,time,comment,movie_id,user_id,parent_id,root_id)     VALUES     (null, now(), ?, ?, ?, ?, ?)&#10;### Cause: java.sql.SQLSyntaxErrorException: Unknown column &apos;time&apos; in &apos;field list&apos;&#10;; bad SQL grammar []; nested exception is java.sql.SQLSyntaxErrorException: Unknown column &apos;time&apos; in &apos;field list&apos;" type="org.springframework.jdbc.BadSqlGrammarException">org.springframework.jdbc.BadSqlGrammarException: 

### Error updating database.  Cause: java.sql.SQLSyntaxErrorException: Unknown column 'time' in 'field list'
### The error may exist in file [D:\AAAA-IUV\target\classes\mapper\CommentMapper.xml]
### The error may involve defaultParameterMap
### The error occurred while setting parameters
### SQL: INSERT INTO comment     (id,time,comment,movie_id,user_id,parent_id,root_id)     VALUES     (null, now(), ?, ?, ?, ?, ?)
### Cause: java.sql.SQLSyntaxErrorException: Unknown column 'time' in 'field list'
; bad SQL grammar []; nested exception is java.sql.SQLSyntaxErrorException: Unknown column 'time' in 'field list'
	at com.iuv.Test.comment.TestCommentDao.insertComment(TestCommentDao.java:41)
Caused by: java.sql.SQLSyntaxErrorException: Unknown column 'time' in 'field list'
	at com.iuv.Test.comment.TestCommentDao.insertComment(TestCommentDao.java:41)
</error>
    <system-out><![CDATA[2019-12-19 16:29:44.476  INFO 12312 --- [           main] .b.t.c.SpringBootTestContextBootstrapper : Neither @ContextConfiguration nor @ContextHierarchy found for test class [com.iuv.Test.comment.TestCommentDao], using SpringBootContextLoader
2019-12-19 16:29:44.478  INFO 12312 --- [           main] o.s.t.c.support.AbstractContextLoader    : Could not detect default resource locations for test class [com.iuv.Test.comment.TestCommentDao]: no resource found for suffixes {-context.xml, Context.groovy}.
2019-12-19 16:29:44.478  INFO 12312 --- [           main] t.c.s.AnnotationConfigContextLoaderUtils : Could not detect default configuration classes for test class [com.iuv.Test.comment.TestCommentDao]: TestCommentDao does not declare any static, non-private, non-final, nested classes annotated with @Configuration.
2019-12-19 16:29:44.497  INFO 12312 --- [           main] .b.t.c.SpringBootTestContextBootstrapper : Found @SpringBootConfiguration com.iuv.IuvApplication for test class com.iuv.Test.comment.TestCommentDao
2019-12-19 16:29:44.509  INFO 12312 --- [           main] .b.t.c.SpringBootTestContextBootstrapper : Loaded default TestExecutionListener class names from location [META-INF/spring.factories]: [org.springframework.boot.test.mock.mockito.MockitoTestExecutionListener, org.springframework.boot.test.mock.mockito.ResetMocksTestExecutionListener, org.springframework.boot.test.autoconfigure.restdocs.RestDocsTestExecutionListener, org.springframework.boot.test.autoconfigure.web.client.MockRestServiceServerResetTestExecutionListener, org.springframework.boot.test.autoconfigure.web.servlet.MockMvcPrintOnlyOnFailureTestExecutionListener, org.springframework.boot.test.autoconfigure.web.servlet.WebDriverTestExecutionListener, org.springframework.test.context.web.ServletTestExecutionListener, org.springframework.test.context.support.DirtiesContextBeforeModesTestExecutionListener, org.springframework.test.context.support.DependencyInjectionTestExecutionListener, org.springframework.test.context.support.DirtiesContextTestExecutionListener, org.springframework.test.context.transaction.TransactionalTestExecutionListener, org.springframework.test.context.jdbc.SqlScriptsTestExecutionListener]
2019-12-19 16:29:44.510  INFO 12312 --- [           main] .b.t.c.SpringBootTestContextBootstrapper : Using TestExecutionListeners: [org.springframework.test.context.web.ServletTestExecutionListener@429aeac1, org.springframework.test.context.support.DirtiesContextBeforeModesTestExecutionListener@79eeff87, org.springframework.boot.test.mock.mockito.MockitoTestExecutionListener@6b4fc2d1, org.springframework.boot.test.autoconfigure.SpringBootDependencyInjectionTestExecutionListener@8bd076a, org.springframework.test.context.support.DirtiesContextTestExecutionListener@1de4285e, org.springframework.test.context.transaction.TransactionalTestExecutionListener@1378eea2, org.springframework.test.context.jdbc.SqlScriptsTestExecutionListener@634ff56, org.springframework.boot.test.mock.mockito.ResetMocksTestExecutionListener@66522ead, org.springframework.boot.test.autoconfigure.restdocs.RestDocsTestExecutionListener@5a484ce1, org.springframework.boot.test.autoconfigure.web.client.MockRestServiceServerResetTestExecutionListener@e91b4f4, org.springframework.boot.test.autoconfigure.web.servlet.MockMvcPrintOnlyOnFailureTestExecutionListener@2ffe243f, org.springframework.boot.test.autoconfigure.web.servlet.WebDriverTestExecutionListener@58ae402b]
测试开始了
2019-12-19 16:29:44.576  INFO 12312 --- [           main] com.zaxxer.hikari.HikariDataSource       : HikariPool-1 - Starting...
2019-12-19 16:29:44.940  INFO 12312 --- [           main] com.zaxxer.hikari.HikariDataSource       : HikariPool-1 - Start completed.
]]></system-out>
  </testcase>
</testsuite>